<?xml version="1.0" encoding="UTF-8"?>
<!-- Generated by org.testng.reporters.JUnitXMLReporter -->
<testsuite hostname="DESKTOP-BKIRATU" name="Test" tests="5" failures="0" timestamp="31 Oct 2017 06:19:35 GMT" time="2.366" errors="0">
  <testcase name="Login" time="0.51" classname="httpTest.LoginTest"/>
  <testcase name="Login" time="0.053" classname="httpTest.LoginTest"/>
  <testcase name="Submit" time="0.071" classname="httpTest.TestDemo"/>
  <testcase name="paymentOrde" time="0.155" classname="httpTest.TestDemo"/>
  <testcase name="rechargeSwift" time="1.052" classname="httpTest.TestDemo"/>
</testsuite> <!-- Test -->
